<?xml version="1.0" encoding="UTF-8"?>
<testsuite name="banking.CommandStorageTest" tests="8" skipped="0" failures="0" errors="0" timestamp="2021-09-04T21:31:26" hostname="Kevins-MacBook-Pro.local" time="0.094">
  <properties/>
  <testcase name="withdraw_command()" classname="banking.CommandStorageTest" time="0.075"/>
  <testcase name="one_invalid_command()" classname="banking.CommandStorageTest" time="0.001"/>
  <testcase name="pass_command()" classname="banking.CommandStorageTest" time="0.003"/>
  <testcase name="deposit_command()" classname="banking.CommandStorageTest" time="0.0"/>
  <testcase name="empty_invalid_command()" classname="banking.CommandStorageTest" time="0.0"/>
  <testcase name="create_command()" classname="banking.CommandStorageTest" time="0.001"/>
  <testcase name="transfer_command()" classname="banking.CommandStorageTest" time="0.001"/>
  <testcase name="many_invalid_command()" classname="banking.CommandStorageTest" time="0.001"/>
  <system-out><![CDATA[]]></system-out>
  <system-err><![CDATA[]]></system-err>
</testsuite>
