<?xml version="1.0" encoding="UTF-8"?>
<testsuite name="banking.DepositProcessorTest" tests="4" skipped="0" failures="0" errors="0" timestamp="2021-09-04T21:31:27" hostname="Kevins-MacBook-Pro.local" time="0.003">
  <properties/>
  <testcase name="deposit_checking_case_insensitive()" classname="banking.DepositProcessorTest" time="0.001"/>
  <testcase name="deposit_checking_with_decimals()" classname="banking.DepositProcessorTest" time="0.001"/>
  <testcase name="deposit_savings()" classname="banking.DepositProcessorTest" time="0.0"/>
  <testcase name="deposit_checking()" classname="banking.DepositProcessorTest" time="0.0"/>
  <system-out><![CDATA[]]></system-out>
  <system-err><![CDATA[]]></system-err>
</testsuite>
