<?xml version="1.0" encoding="UTF-8"?>
<testsuite name="DepositValidatorTest" tests="15" skipped="0" failures="0" errors="0" timestamp="2021-08-07T18:36:27" hostname="Kevins-MacBook-Pro.local" time="0.084">
  <properties/>
  <testcase name="deposit_checking_case_insensitive()" classname="DepositValidatorTest" time="0.035"/>
  <testcase name="deposit_checking_with_decimals()" classname="DepositValidatorTest" time="0.002"/>
  <testcase name="deposit_invalid_amount()" classname="DepositValidatorTest" time="0.005"/>
  <testcase name="deposit_invalid_id()" classname="DepositValidatorTest" time="0.004"/>
  <testcase name="deposit_invalid_deposit()" classname="DepositValidatorTest" time="0.001"/>
  <testcase name="deposit_cd()" classname="DepositValidatorTest" time="0.001"/>
  <testcase name="deposit_savings()" classname="DepositValidatorTest" time="0.002"/>
  <testcase name="deposit_negative_amount()" classname="DepositValidatorTest" time="0.002"/>
  <testcase name="deposit_nonexistent_account()" classname="DepositValidatorTest" time="0.0"/>
  <testcase name="deposit_savings_above_max()" classname="DepositValidatorTest" time="0.002"/>
  <testcase name="deposit_missing_id()" classname="DepositValidatorTest" time="0.001"/>
  <testcase name="deposit_missing_amount()" classname="DepositValidatorTest" time="0.003"/>
  <testcase name="deposit_missing_deposit()" classname="DepositValidatorTest" time="0.0"/>
  <testcase name="deposit_checking()" classname="DepositValidatorTest" time="0.002"/>
  <testcase name="deposit_checking_above_max()" classname="DepositValidatorTest" time="0.001"/>
  <system-out><![CDATA[]]></system-out>
  <system-err><![CDATA[]]></system-err>
</testsuite>
