<?xml version="1.0" encoding="UTF-8"?>
<testsuite name="MasterControlTest" tests="4" skipped="0" failures="0" errors="0" timestamp="2021-08-14T19:04:16" hostname="Kevins-MacBook-Pro.local" time="0.067">
  <properties/>
  <testcase name="invalid_to_create_accounts_with_same_ID()" classname="MasterControlTest" time="0.051"/>
  <testcase name="typo_in_create_command_is_invalid()" classname="MasterControlTest" time="0.003"/>
  <testcase name="typo_in_deposit_command_is_invalid()" classname="MasterControlTest" time="0.002"/>
  <testcase name="two_typo_commands_both_invalid()" classname="MasterControlTest" time="0.002"/>
  <system-out><![CDATA[]]></system-out>
  <system-err><![CDATA[]]></system-err>
</testsuite>
