<?xml version="1.0" encoding="UTF-8"?>
<testsuite name="banking.WithdrawProcessorTest" tests="5" skipped="0" failures="0" errors="0" timestamp="2021-09-05T01:18:52" hostname="Kevins-MacBook-Pro.local" time="0.006">
  <properties/>
  <testcase name="withdraw_checking_with_decimals()" classname="banking.WithdrawProcessorTest" time="0.003"/>
  <testcase name="withdraw_savings()" classname="banking.WithdrawProcessorTest" time="0.0"/>
  <testcase name="withdraw_checking_case_insensitive()" classname="banking.WithdrawProcessorTest" time="0.0"/>
  <testcase name="withdraw_over_balance()" classname="banking.WithdrawProcessorTest" time="0.001"/>
  <testcase name="withdraw_checking()" classname="banking.WithdrawProcessorTest" time="0.001"/>
  <system-out><![CDATA[]]></system-out>
  <system-err><![CDATA[]]></system-err>
</testsuite>
