<?xml version="1.0" encoding="UTF-8"?>
<testsuite name="banking.MasterControlTest" tests="5" skipped="0" failures="0" errors="0" timestamp="2021-08-29T21:45:51" hostname="Kevins-MacBook-Pro.local" time="0.112">
  <properties/>
  <testcase name="valid_commands_return_empty()" classname="banking.MasterControlTest" time="0.07"/>
  <testcase name="invalid_to_create_accounts_with_same_ID()" classname="banking.MasterControlTest" time="0.02"/>
  <testcase name="typo_in_create_command_is_invalid()" classname="banking.MasterControlTest" time="0.001"/>
  <testcase name="typo_in_deposit_command_is_invalid()" classname="banking.MasterControlTest" time="0.003"/>
  <testcase name="two_typo_commands_both_invalid()" classname="banking.MasterControlTest" time="0.002"/>
  <system-out><![CDATA[]]></system-out>
  <system-err><![CDATA[]]></system-err>
</testsuite>
