<?xml version="1.0" encoding="UTF-8"?>
<testsuite name="banking.CreateProcessorTest" tests="11" skipped="0" failures="0" errors="0" timestamp="2021-09-04T21:31:26" hostname="Kevins-MacBook-Pro.local" time="0.034">
  <properties/>
  <testcase name="create_savings_empty()" classname="banking.CreateProcessorTest" time="0.004"/>
  <testcase name="create_savings_many()" classname="banking.CreateProcessorTest" time="0.001"/>
  <testcase name="create_cd_empty()" classname="banking.CreateProcessorTest" time="0.001"/>
  <testcase name="create_checking_one()" classname="banking.CreateProcessorTest" time="0.001"/>
  <testcase name="create_savings_empty_zero_not_appended()" classname="banking.CreateProcessorTest" time="0.001"/>
  <testcase name="create_checking_empty()" classname="banking.CreateProcessorTest" time="0.002"/>
  <testcase name="create_cd_many()" classname="banking.CreateProcessorTest" time="0.002"/>
  <testcase name="create_savings_one()" classname="banking.CreateProcessorTest" time="0.001"/>
  <testcase name="create_checking_many()" classname="banking.CreateProcessorTest" time="0.003"/>
  <testcase name="create_cd_one()" classname="banking.CreateProcessorTest" time="0.0"/>
  <testcase name="create_savings_empty_case_insensitive()" classname="banking.CreateProcessorTest" time="0.001"/>
  <system-out><![CDATA[]]></system-out>
  <system-err><![CDATA[]]></system-err>
</testsuite>
