<?xml version="1.0" encoding="UTF-8"?>
<testsuite name="banking.TransferProcessorTest" tests="4" skipped="0" failures="0" errors="0" timestamp="2021-09-04T21:31:27" hostname="Kevins-MacBook-Pro.local" time="0.008">
  <properties/>
  <testcase name="transfer_over_balance_is_valid()" classname="banking.TransferProcessorTest" time="0.001"/>
  <testcase name="transfer_between_checking_and_savings_accounts()" classname="banking.TransferProcessorTest" time="0.002"/>
  <testcase name="transfer_between_savings_and_checking_accounts()" classname="banking.TransferProcessorTest" time="0.0"/>
  <testcase name="transfer_case_insensitive()" classname="banking.TransferProcessorTest" time="0.0"/>
  <system-out><![CDATA[]]></system-out>
  <system-err><![CDATA[]]></system-err>
</testsuite>
