<?xml version="1.0" encoding="UTF-8"?>
<testsuite name="AccountTest" tests="8" skipped="0" failures="0" errors="0" timestamp="2021-07-21T04:14:35" hostname="Kevins-MacBook-Pro.local" time="0.044">
  <properties/>
  <testcase name="default_savings_account_balance()" classname="AccountTest" time="0.023"/>
  <testcase name="withdraw()" classname="AccountTest" time="0.001"/>
  <testcase name="withdraw_twice()" classname="AccountTest" time="0.003"/>
  <testcase name="deposit_twice()" classname="AccountTest" time="0.002"/>
  <testcase name="default_cd_account_balance()" classname="AccountTest" time="0.001"/>
  <testcase name="deposit()" classname="AccountTest" time="0.001"/>
  <testcase name="withdraw_more_than_balance()" classname="AccountTest" time="0.0"/>
  <testcase name="default_checking_account_balance()" classname="AccountTest" time="0.001"/>
  <system-out><![CDATA[]]></system-out>
  <system-err><![CDATA[]]></system-err>
</testsuite>
