<?xml version="1.0" encoding="UTF-8"?>
<testsuite name="BankTest" tests="7" skipped="0" failures="0" errors="0" timestamp="2021-07-15T13:18:18" hostname="Kevins-MacBook-Pro.local" time="0.038">
  <properties/>
  <testcase name="create_cd_account()" classname="BankTest" time="0.015"/>
  <testcase name="create_savings_account()" classname="BankTest" time="0.001"/>
  <testcase name="empty_bank()" classname="BankTest" time="0.001"/>
  <testcase name="deposit_into_account()" classname="BankTest" time="0.003"/>
  <testcase name="withdraw_from_account()" classname="BankTest" time="0.002"/>
  <testcase name="create_checking_account()" classname="BankTest" time="0.002"/>
  <testcase name="create_multiple()" classname="BankTest" time="0.0"/>
  <system-out><![CDATA[]]></system-out>
  <system-err><![CDATA[]]></system-err>
</testsuite>
